<?xml version="1.0" encoding="UTF-8"?>
<!-- Generated by org.testng.reporters.JUnitReportReporter -->
<testsuite skipped="0" hostname="DESKTOP-IT57UB9" name="facebooklogin.NewTest" tests="3" failures="0" timestamp="27 Sep 2018 11:43:03 GMT" time="138.059" errors="0">
  <testcase name="gmail" time="56.051" classname="facebooklogin.NewTest"/>
  <testcase name="yahoo" time="12.950" classname="facebooklogin.NewTest"/>
  <testcase name="facebook" time="69.058" classname="facebooklogin.NewTest"/>
</testsuite> <!-- facebooklogin.NewTest -->
