<?xml version="1.0" encoding="UTF-8"?>
<!-- Generated by org.testng.reporters.JUnitReportReporter -->
<testsuite skipped="0" hostname="DESKTOP-IT57UB9" name="gmaillogin.GmailLogin" tests="1" failures="0" timestamp="25 Sep 2018 10:12:24 GMT" time="20.155" errors="0">
  <testcase name="facebookLogin" time="20.155" classname="gmaillogin.GmailLogin"/>
</testsuite> <!-- gmaillogin.GmailLogin -->
