<?xml version="1.0" encoding="UTF-8"?>
<!-- Generated by org.testng.reporters.JUnitReportReporter -->
<testsuite skipped="0" hostname="DESKTOP-IT57UB9" name="facebooklogin.Saucetestng" tests="1" failures="0" timestamp="27 Sep 2018 11:33:52 GMT" time="43.196" errors="0">
  <testcase name="facebook" time="43.196" classname="facebooklogin.Saucetestng"/>
</testsuite> <!-- facebooklogin.Saucetestng -->
